TN:
SF:/Users/tod-gentille/dev/node/npm-packages/env-create/lib/main.js
FN:18,(anonymous_0)
FN:35,(anonymous_1)
FN:52,(anonymous_2)
FN:60,(anonymous_3)
FN:67,(anonymous_4)
FNF:5
FNH:5
FNDA:10,(anonymous_0)
FNDA:9,(anonymous_1)
FNDA:10,(anonymous_2)
FNDA:2,(anonymous_3)
FNDA:9,(anonymous_4)
DA:1,1
DA:2,1
DA:4,1
DA:5,1
DA:18,1
DA:19,10
DA:20,10
DA:21,10
DA:22,10
DA:24,9
DA:25,9
DA:26,9
DA:27,2
DA:29,9
DA:31,1
DA:35,1
DA:36,9
DA:37,9
DA:38,18
DA:39,16
DA:40,16
DA:42,2
DA:45,9
DA:52,1
DA:53,10
DA:54,10
DA:55,10
DA:57,10
DA:60,1
DA:61,2
DA:62,4
DA:67,9
DA:69,1
LF:33
LH:33
BRDA:20,0,0,2
BRDA:20,0,1,8
BRDA:26,1,0,2
BRDA:26,1,1,7
BRDA:38,2,0,16
BRDA:38,2,1,2
BRDA:53,3,0,10
BRDA:53,3,1,6
BRDA:53,3,2,9
BRDA:54,4,0,10
BRDA:54,4,1,6
BRDA:54,4,2,9
BRDA:55,5,0,10
BRDA:55,5,1,6
BRF:14
BRH:14
end_of_record
